<?xml version="1.0" encoding="UTF-8"?>
<!-- Generated by org.testng.reporters.JUnitReportReporter -->
<testsuite hostname="DESKTOP-BOIDUA4" failures="0" tests="2" name="com.autotest.test.testcases.HomePageTest" time="168.781" errors="0" timestamp="2021-03-23T15:40:14 IST" skipped="0">
  <testcase classname="com.autotest.test.testcases.HomePageTest" name="HomePageTitleTest" time="12.981"/>
  <system-out/>
  <testcase classname="com.autotest.test.testcases.HomePageTest" name="shopping" time="155.800"/>
  <system-out/>
</testsuite> <!-- com.autotest.test.testcases.HomePageTest -->
